Arguments: 
  /usr/bin/node-18 /usr/bin/yarn init --y

PATH: 
  /home/ezra/.nvm/versions/node/v16.16.0/bin:/home/ezra/.local/bin:/home/ezra/bin:/usr/local/bin:/usr/local/sbin:/usr/bin:/usr/sbin:/home/ezra/Android/Sdk/emulator:/home/ezra/Android/Sdk/platform-tools:/home/ezra/Android/Sdk/emulator:/home/ezra/Android/Sdk/platform-tools:/home/ezra/Android/Sdk/emulator:/home/ezra/Android/Sdk/platform-tools

Yarn version: 
  1.22.19

Node version: 
  18.17.1

Platform: 
  linux x64

Trace: 
  Error: canceled
      at Interface.<anonymous> (/usr/lib/node_modules_18/yarn/node_modules/read/lib/read.js:66:13)
      at Interface.emit (node:events:514:28)
      at [_ttyWrite] [as _ttyWrite] (node:internal/readline/interface:1131:18)
      at ReadStream.onkeypress (node:internal/readline/interface:270:20)
      at ReadStream.emit (node:events:514:28)
      at emitKeys (node:internal/readline/utils:357:14)
      at emitKeys.next (<anonymous>)
      at ReadStream.onData (node:internal/readline/emitKeypressEvents:64:36)
      at ReadStream.emit (node:events:514:28)
      at addChunk (node:internal/streams/readable:324:12)

npm manifest: 
  No manifest

yarn manifest: 
  No manifest

Lockfile: 
  No lockfile
